Build started 28.02.2017 12:48:34.
     1>Project "D:\УЧЁБА\БГУИР\4 СЕМ\АПК\Labs\Fun(1st lab)\Fun(1st lab).vcxproj" on node 2 (build target(s)).
     1>InitializeBuildStatus:
         Creating "Debug\Fun(1st lab).unsuccessfulbuild" because "AlwaysCreate" was specified.
       ClCompile:
         C:\Program Files (x86)\Microsoft Visual Studio 10.0\VC\bin\CL.exe /c /ZI /nologo /W3 /WX- /Od /Oy- /D WIN32 /D _DEBUG /D _CONSOLE /D _UNICODE /D UNICODE /Gm /EHsc /RTC1 /MDd /GS /fp:precise /Zc:wchar_t /Zc:forScope /Fo"Debug\\" /Fd"Debug\vc100.pdb" /Gd /TP /analyze- /errorReport:prompt Main.cpp
         Main.cpp
       ManifestResourceCompile:
         All outputs are up-to-date.
       Link:
         C:\Program Files (x86)\Microsoft Visual Studio 10.0\VC\bin\link.exe /ERRORREPORT:PROMPT /OUT:"C:\Users\Antoha12018\documents\visual studio 2010\Projects\Asm_application\Debug\Fun(1st lab).exe" /INCREMENTAL /NOLOGO kernel32.lib user32.lib gdi32.lib winspool.lib comdlg32.lib advapi32.lib shell32.lib ole32.lib oleaut32.lib uuid.lib odbc32.lib odbccp32.lib /MANIFEST /ManifestFile:"Debug\Fun(1st lab).exe.intermediate.manifest" /MANIFESTUAC:"level='asInvoker' uiAccess='false'" /DEBUG /PDB:"C:\Users\Antoha12018\documents\visual studio 2010\Projects\Asm_application\Debug\Fun(1st lab).pdb" /SUBSYSTEM:CONSOLE /TLBID:1 /DYNAMICBASE /NXCOMPAT /IMPLIB:"C:\Users\Antoha12018\documents\visual studio 2010\Projects\Asm_application\Debug\Fun(1st lab).lib" /MACHINE:X86 "Debug\Fun(1st lab).exe.embed.manifest.res"
         Debug\Main.obj
       Manifest:
         C:\Program Files (x86)\Microsoft SDKs\Windows\v7.0A\bin\mt.exe /nologo /verbose /out:"Debug\Fun(1st lab).exe.embed.manifest" /manifest "Debug\Fun(1st lab).exe.intermediate.manifest"
         All outputs are up-to-date.
       LinkEmbedManifest:
         All outputs are up-to-date.
         Fun(1st lab).vcxproj -> C:\Users\Antoha12018\documents\visual studio 2010\Projects\Asm_application\Debug\Fun(1st lab).exe
       FinalizeBuildStatus:
         Deleting file "Debug\Fun(1st lab).unsuccessfulbuild".
         Touching "Debug\Fun(1st lab).lastbuildstate".
     1>Done Building Project "D:\УЧЁБА\БГУИР\4 СЕМ\АПК\Labs\Fun(1st lab)\Fun(1st lab).vcxproj" (build target(s)).

Build succeeded.

Time Elapsed 00:00:01.63
